2012-08-22 19:29:49 [INFO] Forge Mod Loader version null.null.null.null for Minecraft null loading
2012-08-22 19:29:49 [FINE] No mod directory found, creating one: C:\Users\kotetsu\technocraft\mods
2012-08-22 19:29:49 [FINE] No config directory found, creating one: C:\Users\kotetsu\technocraft\config
2012-08-22 19:29:49 [FINE] Attempting to load mods contained in the minecraft jar file and associated classes
2012-08-22 19:29:49 [FINE] Minecraft is a file at C:\Users\kotetsu\technocraft\craftbukkit.jar, loading
2012-08-22 19:29:49 [FINE] Found a mod class net.minecraft.server.mod_MinecraftForge in file craftbukkit.jar, attempting to load it
2012-08-22 19:29:49 [FINE] ModLoader BaseMod class net.minecraft.server.mod_MinecraftForge found, loading
2012-08-22 19:29:49 [FINE] ModLoader BaseMod class net.minecraft.server.mod_MinecraftForge loaded
2012-08-22 19:29:49 [FINE] Mod class net.minecraft.server.mod_MinecraftForge loaded successfully
2012-08-22 19:29:49 [FINE] Minecraft jar mods loaded successfully
2012-08-22 19:29:49 [INFO] Loading mods from C:\Users\kotetsu\technocraft\mods
2012-08-22 19:29:49 [INFO] Forge Mod Loader has loaded 1 mods
2012-08-22 19:29:49 [FINE] Beginning mod pre-initialization
2012-08-22 19:29:49 [FINER] Pre-initializing C:\Users\kotetsu\technocraft\craftbukkit.jar
2012-08-22 19:29:49 [FINEST] Configuration for mod_MinecraftForge.SPAWNER_ALLOW_ON_INVERTED found values default: true, configured: true, interpreted: true
2012-08-22 19:29:49 [FINE] Configuration for mod_MinecraftForge written to mod_MinecraftForge.cfg
2012-08-22 19:29:49 [FINE] Mod pre-initialization complete
2012-08-22 19:29:49 [FINE] Verifying mod dependencies are satisfied
2012-08-22 19:29:49 [FINE] All dependencies are satisfied
2012-08-22 19:29:49 [FINE] Sorting mods into an ordered list
2012-08-22 19:29:49 [FINE] Sorted mod list:
2012-08-22 19:29:49 [FINE] 	mod_MinecraftForge: craftbukkit.jar ()
2012-08-22 19:29:49 [FINE] Beginning mod initialization
2012-08-22 19:29:49 [FINER] Initializing mod_MinecraftForge
2012-08-22 19:29:49 [INFO] MinecraftForge v3.2.4.105 Initialized

2012-08-22 19:29:49 [FINE] Mod initialization complete
2012-08-22 19:29:49 [FINE] Beginning mod post-initialization
2012-08-22 19:29:49 [FINER] Post-initializing mod_MinecraftForge
2012-08-22 19:29:49 [FINE] Mod post-initialization complete
2012-08-22 19:29:49 [INFO] Forge Mod Loader load complete, 1 mods loaded
